vti_encoding:SR|utf8-nl
vti_timelastmodified:TR|20 Apr 2004 20:48:59 -0000
vti_extenderversion:SR|4.0.2.7802
vti_author:SR|KEYWORTH\\Owner
vti_modifiedby:SR|KEYWORTH\\Owner
vti_timecreated:TR|21 Apr 2004 23:36:10 -0000
106.01.04 19:01 B C:\Documents and Settings\John N. Biswas\My Documents\My Web Sites\BengaliMission\images\_vti_cnf\ban_tour.jpg --> www.bengalimission.org /public_html/images/_vti_cnf ban_tour.jpg
106.01.04 19:01 B C:\Documents and Settings\John N. Biswas\My Documents\My Web Sites\BengaliMission\images\_vti_cnf\ban_tourx.jpg --> www.bengalimission.org /public_html/images/_vti_cnf ban_tourx.jpg
106.01.04 19:01 B C:\Documents and Settings\John N. Biswas\My Documents\My Web Sites\BengaliMission\images\_vti_cnf\Bangladesh_map.jpg --> www.bengalimission.org /public_html/images/_vti_cnf Bangladesh_map.jpg
106.01.04 19:01 B C:\Documents and Settings\John N. Biswas\My Documents\My Web Sites\BengaliMission\images\_vti_cnf\Bangladesh_map1.jpg --> www.bengalimission.org /public_html/images/_vti_cnf Bangladesh_map1.jpg
106.01.04 19:01 B C:\Documents and Settings\John N. Biswas\My Documents\My Web Sites\BengaliMission\images\_vti_cnf\bangladeshbgmap.jpg --> www.bengalimission.org /public_html/images/_vti_cnf bangladeshbgmap.jpg
106.01.04 19:01 B C:\Documents and Settings\John N. Biswas\My Documents\My Web Sites\BengaliMission\images\_vti_cnf\bangladeshbigmap.jpg --> www.bengalimission.org /public_html/images/_vti_cnf bangladeshbigmap.jpg
106.01.04 19:01 B C:\Documents and Settings\John N. Biswas\My Documents\My Web Sites\BengaliMission\images\_vti_cnf\bangladeshman.jpg --> www.bengalimission.org /public_html/images/_vti_cnf bangladeshman.jpg
106.01.04 19:01 B C:\Documents and Settings\John N. Biswas\My Documents\My Web Sites\BengaliMission\images\_vti_cnf\bangladeshmap1.gif --> www.bengalimission.org /public_html/images/_vti_cnf bangladeshmap1.gif
106.01.04 19:01 B C:\Documents and Settings\John N. Biswas\My Documents\My Web Sites\BengaliMission\images\_vti_cnf\Bangladeshmap2.gif --> www.bengalimission.org /public_html/images/_vti_cnf Bangladeshmap2.gif
106.01.04 19:01 B C:\Documents and Settings\John N. Biswas\My Documents\My Web Sites\BengaliMission\images\_vti_cnf\bangladeshmap2.jpg --> www.bengalimission.org /public_html/images/_vti_cnf bangladeshmap2.jpg
106.01.04 19:01 B C:\Documents and Settings\John N. Biswas\My Documents\My Web Sites\BengaliMission\images\_vti_cnf\bangladeshmap3.jpg --> www.bengalimission.org /public_html/images/_vti_cnf bangladeshmap3.jpg
106.01.04 19:01 B C:\Documents and Settings\John N. Biswas\My Documents\My Web Sites\BengaliMission\images\_vti_cnf\bangladeshmap4.jpg --> www.bengalimission.org /public_html/images/_vti_cnf bangladeshmap4.jpg
106.01.04 19:01 B C:\Documents and Settings\John N. Biswas\My Documents\My Web Sites\BengaliMission\images\_vti_cnf\bangladeshmap4bg.jpg --> www.bengalimission.org /public_html/images/_vti_cnf bangladeshmap4bg.jpg
106.01.04 19:01 B C:\Documents and Settings\John N. Biswas\My Documents\My Web Sites\BengaliMission\images\_vti_cnf\bangladeshmapbig.jpg --> www.bengalimission.org /public_html/images/_vti_cnf bangladeshmapbig.jpg
106.01.04 19:01 B C:\Documents and Settings\John N. Biswas\My Documents\My Web Sites\BengaliMission\images\_vti_cnf\bangladeshmaplow.jpg --> www.bengalimission.org /public_html/images/_vti_cnf bangladeshmaplow.jpg
106.01.04 19:01 B C:\Documents and Settings\John N. Biswas\My Documents\My Web Sites\BengaliMission\images\_vti_cnf\bangladeshnav.html --> www.bengalimission.org /public_html/images/_vti_cnf bangladeshnav.html
106.01.04 19:01 B C:\Documents and Settings\John N. Biswas\My Documents\My Web Sites\BengaliMission\images\_vti_cnf\bangladeshnav.pdf --> www.bengalimission.org /public_html/images/_vti_cnf bangladeshnav.pdf
106.01.04 19:01 B C:\Documents and Settings\John N. Biswas\My Documents\My Web Sites\BengaliMission\images\_vti_cnf\bangladeshnav.psd --> www.bengalimission.org /public_html/images/_vti_cnf bangladeshnav.psd
106.01.04 19:01 B C:\Documents and Settings\John N. Biswas\My Documents\My Web Sites\BengaliMission\images\_vti_cnf\bangladeshnav1.html --> www.bengalimission.org /public_html/images/_vti_cnf bangladeshnav1.html
106.01.04 19:01 B C:\Documents and Settings\John N. Biswas\My Documents\My Web Sites\BengaliMission\images\_vti_cnf\bangladeshnav1.psd --> www.bengalimission.org /public_html/images/_vti_cnf bangladeshnav1.psd
106.01.04 19:01 B C:\Documents and Settings\John N. Biswas\My Documents\My Web Sites\BengaliMission\images\_vti_cnf\bangladeshnav2 copy.jpg --> www.bengalimission.org /public_html/images/_vti_cnf bangladeshnav2 copy.jpg
106.01.04 19:01 B C:\Documents and Settings\John N. Biswas\My Documents\My Web Sites\BengaliMission\images\_vti_cnf\bangladeshnav2.psd --> www.bengalimission.org /public_html/images/_vti_cnf bangladeshnav2.psd
106.01.04 19:01 B C:\Documents and Settings\John N. Biswas\My Documents\My Web Sites\BengaliMission\images\_vti_cnf\bangladeshnav_01.gif --> www.bengalimission.org /public_html/images/_vti_cnf bangladeshnav_01.gif
106.01.04 19:01 B C:\Documents and Settings\John N. Biswas\My Documents\My Web Sites\BengaliMission\images\_vti_cnf\bangladeshnav_01.jpg --> www.bengalimission.org /public_html/images/_vti_cnf bangladeshnav_01.jpg
106.01.04 19:01 B C:\Documents and Settings\John N. Biswas\My Documents\My Web Sites\BengaliMission\images\_vti_cnf\bangladeshnav_11-bangladesh.gif --> www.bengalimission.org /public_html/images/_vti_cnf bangladeshnav_11-bangladesh.gif
106.01.04 19:01 B C:\Documents and Settings\John N. Biswas\My Documents\My Web Sites\BengaliMission\images\_vti_cnf\bangladeshnav_new.gif --> www.bengalimission.org /public_html/images/_vti_cnf bangladeshnav_new.gif
106.01.04 19:01 B C:\Documents and Settings\John N. Biswas\My Documents\My Web Sites\BengaliMission\images\_vti_cnf\bangladeshnav_new1.gif --> www.bengalimission.org /public_html/images/_vti_cnf bangladeshnav_new1.gif
106.01.04 19:01 B C:\Documents and Settings\John N. Biswas\My Documents\My Web Sites\BengaliMission\images\_vti_cnf\bangladeshpeople.jpg --> www.bengalimission.org /public_html/images/_vti_cnf bangladeshpeople.jpg
106.01.04 19:01 B C:\Documents and Settings\John N. Biswas\My Documents\My Web Sites\BengaliMission\images\_vti_cnf\baptism_c.jpg --> www.bengalimission.org /public_html/images/_vti_cnf baptism_c.jpg
106.01.04 19:01 B C:\Documents and Settings\John N. Biswas\My Documents\My Web Sites\BengaliMission\images\_vti_cnf\bdaak.JPG --> www.bengalimission.org /public_html/images/_vti_cnf bdaak.JPG
106.01.04 19:01 B C:\Documents and Settings\John N. Biswas\My Documents\My Web Sites\BengaliMission\images\_vti_cnf\BDMap-1.JPG --> www.bengalimission.org /public_html/images/_vti_cnf BDMap-1.JPG
106.01.04 19:01 B C:\Documents and Settings\John N. Biswas\My Documents\My Web Sites\BengaliMission\images\_vti_cnf\Chisstory.jpg --> www.bengalimission.org /public_html/images/_vti_cnf Chisstory.jpg
106.01.04 19:01 B C:\Documents and Settings\John N. Biswas\My Documents\My Web Sites\BengaliMission\images\_vti_cnf\class.jpg --> www.bengalimission.org /public_html/images/_vti_cnf class.jpg
106.01.04 19:01 B C:\Documents and Settings\John N. Biswas\My Documents\My Web Sites\BengaliMission\images\_vti_cnf\class1.jpg --> www.bengalimission.org /public_html/images/_vti_cnf class1.jpg
106.01.04 19:01 B C:\Documents and Settings\John N. Biswas\My Documents\My Web Sites\BengaliMission\images\_vti_cnf\clouds.jpg --> www.bengalimission.org /public_html/images/_vti_cnf clouds.jpg
106.01.04 19:01 B C:\Documents and Settings\John N. Biswas\My Documents\My Web Sites\BengaliMission\images\_vti_cnf\Copy of bangladeshmap4bg.jpg --> www.bengalimission.org /public_html/images/_vti_cnf Copy of bangladeshmap4bg.jpg
106.01.04 19:01 B C:\Documents and Settings\John N. Biswas\My Documents\My Web Sites\BengaliMission\images\_vti_cnf\Copy of flagbgbig.jpg --> www.bengalimission.org /public_html/images/_vti_cnf Copy of flagbgbig.jpg
106.01.04 19:01 B C:\Documents and Settings\John N. Biswas\My Documents\My Web Sites\BengaliMission\images\_vti_cnf\Copy of flagbgsmall.jpg --> www.bengalimission.org /public_html/images/_vti_cnf Copy of flagbgsmall.jpg
106.01.04 19:01 B C:\Documents and Settings\John N. Biswas\My Documents\My Web Sites\BengaliMission\images\_vti_cnf\couple.jpg --> www.bengalimission.org /public_html/images/_vti_cnf couple.jpg
106.01.04 19:01 B C:\Documents and Settings\John N. Biswas\My Documents\My Web Sites\BengaliMission\images\_vti_cnf\daak.jpg --> www.bengalimission.org /public_html/images/_vti_cnf daak.jpg
106.01.04 19:01 B C:\Documents and Settings\John N. Biswas\My Documents\My Web Sites\BengaliMission\images\_vti_cnf\dec2000_small.jpg --> www.bengalimission.org /public_html/images/_vti_cnf dec2000_small.jpg
106.01.04 19:01 B C:\Documents and Settings\John N. Biswas\My Documents\My Web Sites\BengaliMission\images\_vti_cnf\development.jpg --> www.bengalimission.org /public_html/images/_vti_cnf development.jpg
106.01.04 19:01 B C:\Documents and Settings\John N. Biswas\My Documents\My Web Sites\BengaliMission\images\_vti_cnf\diabetes1.jpg --> www.bengalimission.org /public_html/images/_vti_cnf diabetes1.jpg
106.01.04 19:01 B C:\Documents and Settings\John N. Biswas\My Documents\My Web Sites\BengaliMission\images\_vti_cnf\donate.html --> www.bengalimission.org /public_html/images/_vti_cnf donate.html
106.01.04 19:01 B C:\Documents and Settings\John N. Biswas\My Documents\My Web Sites\BengaliMission\images\_vti_cnf\donate.psd --> www.bengalimission.org /public_html/images/_vti_cnf donate.psd
106.01.04 19:01 B C:\Documents and Settings\John N. Biswas\My Documents\My Web Sites\BengaliMission\images\_vti_cnf\dr.jpg --> www.bengalimission.org /public_html/images/_vti_cnf dr.jpg
106.01.04 19:01 B C:\Documents and Settings\John N. Biswas\My Documents\My Web Sites\BengaliMission\images\_vti_cnf\flag.gif --> www.bengalimission.org /public_html/images/_vti_cnf flag.gif
106.01.04 19:01 B C:\Documents and Settings\John N. Biswas\My Documents\My Web Sites\BengaliMission\images\_vti_cnf\flagbgbig.jpg --> www.bengalimission.org /public_html/images/_vti_cnf flagbgbig.jpg
106.01.04 19:01 B C:\Documents and Settings\John N. Biswas\My Documents\My Web Sites\BengaliMission\images\_vti_cnf\flagbgsmall.jpg --> www.bengalimission.org /public_html/images/_vti_cnf flagbgsmall.jpg
106.01.04 19:01 B C:\Documents and Settings\John N. Biswas\My Documents\My Web Sites\BengaliMission\images\_vti_cnf\gif1.gif --> www.bengalimission.org /public_html/images/_vti_cnf gif1.gif
106.01.04 19:01 B C:\Documents and Settings\John N. Biswas\My Documents\My Web Sites\BengaliMission\images\_vti_cnf\gif1.psd --> www.bengalimission.org /public_html/images/_vti_cnf gif1.psd
106.01.04 19:01 B C:\Documents and Settings\John N. Biswas\My Documents\My Web Sites\BengaliMission\images\_vti_cnf\gif2.gif --> www.bengalimission.org /public_html/images/_vti_cnf gif2.gif
106.01.04 19:01 B C:\Documents and Settings\John N. Biswas\My Documents\My Web Sites\BengaliMission\images\_vti_cnf\gif2.psd --> www.bengalimission.org /public_html/images/_vti_cnf gif2.psd
106.01.04 19:01 B C:\Documents and Settings\John N. Biswas\My Documents\My Web Sites\BengaliMission\images\_vti_cnf\gif3.gif --> www.bengalimission.org /public_html/images/_vti_cnf gif3.gif
106.01.04 19:01 B C:\Documents and Settings\John N. Biswas\My Documents\My Web Sites\BengaliMission\images\_vti_cnf\gif3.psd --> www.bengalimission.org /public_html/images/_vti_cnf gif3.psd
106.01.04 19:01 B C:\Documents and Settings\John N. Biswas\My Documents\My Web Sites\BengaliMission\images\_vti_cnf\girl.jpg --> www.bengalimission.org /public_html/images/_vti_cnf girl.jpg
106.01.04 19:01 B C:\Documents and Settings\John N. Biswas\My Documents\My Web Sites\BengaliMission\images\_vti_cnf\girls2.jpg --> www.bengalimission.org /public_html/images/_vti_cnf girls2.jpg
106.01.04 19:01 B C:\Documents and Settings\John N. Biswas\My Documents\My Web Sites\BengaliMission\images\_vti_cnf\girlsonbench.jpg --> www.bengalimission.org /public_html/images/_vti_cnf girlsonbench.jpg
106.01.04 19:01 B C:\Documents and Settings\John N. Biswas\My Documents\My Web Sites\BengaliMission\images\_vti_cnf\Goat programm.JPG --> www.bengalimission.org /public_html/images/_vti_cnf Goat programm.JPG
106.01.04 19:01 B C:\Documents and Settings\John N. Biswas\My Documents\My Web Sites\BengaliMission\images\_vti_cnf\goat.jpg --> www.bengalimission.org /public_html/images/_vti_cnf goat.jpg
106.01.04 19:01 B C:\Documents and Settings\John N. Biswas\My Documents\My Web Sites\BengaliMission\images\_vti_cnf\gospel_worker.jpg --> www.bengalimission.org /public_html/images/_vti_cnf gospel_worker.jpg
106.01.04 19:01 B C:\Documents and Settings\John N. Biswas\My Documents\My Web Sites\BengaliMission\images\_vti_cnf\grass-roots.jpg --> www.bengalimission.org /public_html/images/_vti_cnf grass-roots.jpg
106.01.04 19:01 B C:\Documents and Settings\John N. Biswas\My Documents\My Web Sites\BengaliMission\images\_vti_cnf\hell.jpg --> www.bengalimission.org /public_html/images/_vti_cnf hell.jpg
106.01.04 19:01 B C:\Documents and Settings\John N. Biswas\My Documents\My Web Sites\BengaliMission\images\_vti_cnf\house.jpg --> www.bengalimission.org /public_html/images/_vti_cnf house.jpg
106.01.04 19:01 B C:\Documents and Settings\John N. Biswas\My Documents\My Web Sites\BengaliMission\images\_vti_cnf\index_back.jpg --> www.bengalimission.org /public_html/images/_vti_cnf index_back.jpg
106.01.04 19:01 B C:\Documents and Settings\John N. Biswas\My Documents\My Web Sites\BengaliMission\images\_vti_cnf\index_back1.jpg --> www.bengalimission.org /public_html/images/_vti_cnf index_back1.jpg
106.01.04 19:01 B C:\Documents and Settings\John N. Biswas\My Documents\My Web Sites\BengaliMission\images\_vti_cnf\JNB.jpg --> www.bengalimission.org /public_html/images/_vti_cnf JNB.jpg
106.01.04 19:01 B C:\Documents and Settings\John N. Biswas\My Documents\My Web Sites\BengaliMission\images\_vti_cnf\john.jpg --> www.bengalimission.org /public_html/images/_vti_cnf john.jpg
106.01.04 19:01 B C:\Documents and Settings\John N. Biswas\My Documents\My Web Sites\BengaliMission\images\_vti_cnf\john_dad.jpg --> www.bengalimission.org /public_html/images/_vti_cnf john_dad.jpg
106.01.04 19:01 B C:\Documents and Settings\John N. Biswas\My Documents\My Web Sites\BengaliMission\images\_vti_cnf\john_dad2.jpg --> www.bengalimission.org /public_html/images/_vti_cnf john_dad2.jpg
106.01.04 19:01 B C:\Documents and Settings\John N. Biswas\My Documents\My Web Sites\BengaliMission\images\_vti_cnf\john_village.jpg --> www.bengalimission.org /public_html/images/_vti_cnf john_village.jpg
106.01.04 19:01 B C:\Documents and Settings\John N. Biswas\My Documents\My Web Sites\BengaliMission\images\_vti_cnf\johnpic.jpg --> www.bengalimission.org /public_html/images/_vti_cnf johnpic.jpg
106.01.04 19:01 B C:\Documents and Settings\John N. Biswas\My Documents\My Web Sites\BengaliMission\images\_vti_cnf\JohnPreaching3.jpg --> www.bengalimission.org /public_html/images/_vti_cnf JohnPreaching3.jpg
106.01.04 19:01 B C:\Documents and Settings\John N. Biswas\My Documents\My Web Sites\BengaliMission\images\_vti_cnf\kids.jpg --> www.bengalimission.org /public_html/images/_vti_cnf kids.jpg
106.01.04 19:01 B C:\Documents and Settings\John N. Biswas\My Documents\My Web Sites\BengaliMission\images\_vti_cnf\kids_in_water_2.jpg --> www.bengalimission.org /public_html/images/_vti_cnf kids_in_water_2.jpg
106.01.04 19:01 B C:\Documents and Settings\John N. Biswas\My Documents\My Web Sites\BengaliMission\images\_vti_cnf\man2.jpg --> www.bengalimission.org /public_html/images/_vti_cnf man2.jpg
106.01.04 19:01 B C:\Documents and Settings\John N. Biswas\My Documents\My Web Sites\BengaliMission\images\_vti_cnf\map.bangladesh.rivers --> www.bengalimission.org /public_html/images/_vti_cnf map.bangladesh.rivers
106.01.04 19:01 B C:\Documents and Settings\John N. Biswas\My Documents\My Web Sites\BengaliMission\images\_vti_cnf\map.jpg --> www.bengalimission.org /public_html/images/_vti_cnf map.jpg
106.01.04 19:01 B C:\Documents and Settings\John N. Biswas\My Documents\My Web Sites\BengaliMission\images\_vti_cnf\map_2.jpg --> www.bengalimission.org /public_html/images/_vti_cnf map_2.jpg
106.01.04 19:01 B C:\Documents and Settings\John N. Biswas\My Documents\My Web Sites\BengaliMission\images\_vti_cnf\march2001_small.jpg --> www.bengalimission.org /public_html/images/_vti_cnf march2001_small.jpg
106.01.04 19:01 B C:\Documents and Settings\John N. Biswas\My Documents\My Web Sites\BengaliMission\images\_vti_cnf\may2002_1.jpg --> www.bengalimission.org /public_html/images/_vti_cnf may2002_1.jpg
106.01.04 19:01 B C:\Documents and Settings\John N. Biswas\My Documents\My Web Sites\BengaliMission\images\_vti_cnf\may2002_2.jpg --> www.bengalimission.org /public_html/images/_vti_cnf may2002_2.jpg
106.01.04 19:01 B C:\Documents and Settings\John N. Biswas\My Documents\My Web Sites\BengaliMission\images\_vti_cnf\may2002_3.jpg --> www.bengalimission.org /public_html/images/_vti_cnf may2002_3.jpg
106.01.04 19:01 B C:\Documents and Settings\John N. Biswas\My Documents\My Web Sites\BengaliMission\images\_vti_cnf\may2002_4.jpg --> www.bengalimission.org /public_html/images/_vti_cnf may2002_4.jpg
106.01.04 19:01 B C:\Documents and Settings\John N. Biswas\My Documents\My Web Sites\BengaliMission\images\_vti_cnf\may2002_small.jpg --> www.bengalimission.org /public_html/images/_vti_cnf may2002_small.jpg
106.01.04 19:01 B C:\Documents and Settings\John N. Biswas\My Documents\My Web Sites\BengaliMission\images\_vti_cnf\MPS-Cover.jpg --> www.bengalimission.org /public_html/images/_vti_cnf MPS-Cover.jpg
106.01.04 19:01 B C:\Documents and Settings\John N. Biswas\My Documents\My Web Sites\BengaliMission\images\_vti_cnf\MPS-Cover_small.jpg --> www.bengalimission.org /public_html/images/_vti_cnf MPS-Cover_small.jpg
106.01.04 19:01 B C:\Documents and Settings\John N. Biswas\My Documents\My Web Sites\BengaliMission\images\_vti_cnf\MPS-Cover_tn.jpg --> www.bengalimission.org /public_html/images/_vti_cnf MPS-Cover_tn.jpg
106.01.04 19:01 B C:\Documents and Settings\John N. Biswas\My Documents\My Web Sites\BengaliMission\images\_vti_cnf\MPS1-2.jpg --> www.bengalimission.org /public_html/images/_vti_cnf MPS1-2.jpg
106.01.04 19:01 B C:\Documents and Settings\John N. Biswas\My Documents\My Web Sites\BengaliMission\images\_vti_cnf\MPS1-2_small.jpg --> www.bengalimission.org /public_html/images/_vti_cnf MPS1-2_small.jpg
106.01.04 19:01 B C:\Documents and Settings\John N. Biswas\My Documents\My Web Sites\BengaliMission\images\_vti_cnf\MPS11-12.jpg --> www.bengalimission.org /public_html/images/_vti_cnf MPS11-12.jpg
106.01.04 19:01 B C:\Documents and Settings\John N. Biswas\My Documents\My Web Sites\BengaliMission\images\_vti_cnf\MPS11-12_small.jpg --> www.bengalimission.org /public_html/images/_vti_cnf MPS11-12_small.jpg
106.01.04 19:01 B C:\Documents and Settings\John N. Biswas\My Documents\My Web Sites\BengaliMission\images\_vti_cnf\MPS13-14.jpg --> www.bengalimission.org /public_html/images/_vti_cnf MPS13-14.jpg
106.01.04 19:01 B C:\Documents and Settings\John N. Biswas\My Documents\My Web Sites\BengaliMission\images\_vti_cnf\MPS13-14_small.jpg --> www.bengalimission.org /public_html/images/_vti_cnf MPS13-14_small.jpg
106.01.04 19:01 B C:\Documents and Settings\John N. Biswas\My Documents\My Web Sites\BengaliMission\images\_vti_cnf\MPS15.jpg --> www.bengalimission.org /public_html/images/_vti_cnf MPS15.jpg
106.01.04 19:01 B C:\Documents and Settings\John N. Biswas\My Documents\My Web Sites\BengaliMission\images\_vti_cnf\MPS15_small.jpg --> www.bengalimission.org /public_html/images/_vti_cnf MPS15_small.jpg
106.01.04 19:01 B C:\Documents and Settings\John N. Biswas\My Documents\My Web Sites\BengaliMission\images\_vti_cnf\MPS3-4.jpg --> www.bengalimission.org /public_html/images/_vti_cnf MPS3-4.jpg
106.01.04 19:01 B C:\Documents and Settings\John N. Biswas\My Documents\My Web Sites\BengaliMission\images\_vti_cnf\MPS3-4_small.jpg --> www.bengalimission.org /public_html/images/_vti_cnf MPS3-4_small.jpg
106.01.04 19:01 B C:\Documents and Settings\John N. Biswas\My Documents\My Web Sites\BengaliMission\images\_vti_cnf\MPS5-6.jpg --> www.bengalimission.org /public_html/images/_vti_cnf MPS5-6.jpg
106.01.04 19:01 B C:\Documents and Settings\John N. Biswas\My Documents\My Web Sites\BengaliMission\images\_vti_cnf\MPS5-6_small.jpg --> www.bengalimission.org /public_html/images/_vti_cnf MPS5-6_small.jpg
106.01.04 19:01 B C:\Documents and Settings\John N. Biswas\My Documents\My Web Sites\BengaliMission\images\_vti_cnf\MPS7-8.jpg --> www.bengalimission.org /public_html/images/_vti_cnf MPS7-8.jpg
106.01.04 19:01 B C:\Documents and Settings\John N. Biswas\My Documents\My Web Sites\BengaliMission\images\_vti_cnf\MPS7-8_small.jpg --> www.bengalimission.org /public_html/images/_vti_cnf MPS7-8_small.jpg
106.01.04 19:01 B C:\Documents and Settings\John N. Biswas\My Documents\My Web Sites\BengaliMission\images\_vti_cnf\MPS9-10.jpg --> www.bengalimission.org /public_html/images/_vti_cnf MPS9-10.jpg
106.01.04 19:01 B C:\Documents and Settings\John N. Biswas\My Documents\My Web Sites\BengaliMission\images\_vti_cnf\MPS9-10_small.jpg --> www.bengalimission.org /public_html/images/_vti_cnf MPS9-10_small.jpg
106.01.04 19:01 B C:\Documents and Settings\John N. Biswas\My Documents\My Web Sites\BengaliMission\images\_vti_cnf\native_gospel_workers.jpg --> www.bengalimission.org /public_html/images/_vti_cnf native_gospel_workers.jpg
106.01.04 19:01 B C:\Documents and Settings\John N. Biswas\My Documents\My Web Sites\BengaliMission\images\_vti_cnf\nav.gif --> www.bengalimission.org /public_html/images/_vti_cnf nav.gif
106.01.04 19:01 B C:\Documents and Settings\John N. Biswas\My Documents\My Web Sites\BengaliMission\images\_vti_cnf\newpic2.jpg --> www.bengalimission.org /public_html/images/_vti_cnf newpic2.jpg
106.01.04 19:01 B C:\Documents and Settings\John N. Biswas\My Documents\My Web Sites\BengaliMission\images\_vti_cnf\newpic2small.jpg --> www.bengalimission.org /public_html/images/_vti_cnf newpic2small.jpg
106.01.04 19:01 B C:\Documents and Settings\John N. Biswas\My Documents\My Web Sites\BengaliMission\images\_vti_cnf\news2.jpg --> www.bengalimission.org /public_html/images/_vti_cnf news2.jpg
106.01.04 19:01 B C:\Documents and Settings\John N. Biswas\My Documents\My Web Sites\BengaliMission\images\_vti_cnf\news3.jpg --> www.bengalimission.org /public_html/images/_vti_cnf news3.jpg
106.01.04 19:01 B C:\Documents and Settings\John N. Biswas\My Documents\My Web Sites\BengaliMission\images\_vti_cnf\news4.jpg --> www.bengalimission.org /public_html/images/_vti_cnf news4.jpg
106.01.04 19:01 B C:\Documents and Settings\John N. Biswas\My Documents\My Web Sites\BengaliMission\images\_vti_cnf\news5.jpg --> www.bengalimission.org /public_html/images/_vti_cnf news5.jpg
106.01.04 19:01 B C:\Documents and Settings\John N. Biswas\My Documents\My Web Sites\BengaliMission\images\_vti_cnf\news5small.jpg --> www.bengalimission.org /public_html/images/_vti_cnf news5small.jpg
106.01.04 19:01 B C:\Documents and Settings\John N. Biswas\My Documents\My Web Sites\BengaliMission\images\_vti_cnf\news6.jpg --> www.bengalimission.org /public_html/images/_vti_cnf news6.jpg
106.01.04 19:01 B C:\Documents and Settings\John N. Biswas\My Documents\My Web Sites\BengaliMission\images\_vti_cnf\news7.jpg --> www.bengalimission.org /public_html/images/_vti_cnf news7.jpg
106.01.04 19:01 B C:\Documents and Settings\John N. Biswas\My Documents\My Web Sites\BengaliMission\images\_vti_cnf\news8.jpg --> www.bengalimission.org /public_html/images/_vti_cnf news8.jpg
106.01.04 19:01 B C:\Documents and Settings\John N. Biswas\My Documents\My Web Sites\BengaliMission\images\_vti_cnf\news9.jpg --> www.bengalimission.org /public_html/images/_vti_cnf news9.jpg
106.01.04 19:01 B C:\Documents and Settings\John N. Biswas\My Documents\My Web Sites\BengaliMission\images\_vti_cnf\news9small.jpg --> www.bengalimission.org /public_html/images/_vti_cnf news9small.jpg
106.01.04 19:01 B C:\Documents and Settings\John N. Biswas\My Documents\My Web Sites\BengaliMission\images\_vti_cnf\newspic1.bmp --> www.bengalimission.org /public_html/images/_vti_cnf newspic1.bmp
106.01.04 19:01 B C:\Documents and Settings\John N. Biswas\My Documents\My Web Sites\BengaliMission\images\_vti_cnf\newspic1.jpg --> www.bengalimission.org /public_html/images/_vti_cnf newspic1.jpg
106.01.04 19:01 B C:\Documents and Settings\John N. Biswas\My Documents\My Web Sites\BengaliMission\images\_vti_cnf\newspic10.jpg --> www.bengalimission.org /public_html/images/_vti_cnf newspic10.jpg
106.01.04 19:01 B C:\Documents and Settings\John N. Biswas\My Documents\My Web Sites\BengaliMission\images\_vti_cnf\newspic11.jpg --> www.bengalimission.org /public_html/images/_vti_cnf newspic11.jpg
106.01.04 19:01 B C:\Documents and Settings\John N. Biswas\My Documents\My Web Sites\BengaliMission\images\_vti_cnf\newspic12.jpg --> www.bengalimission.org /public_html/images/_vti_cnf newspic12.jpg
106.01.04 19:01 B C:\Documents and Settings\John N. Biswas\My Documents\My Web Sites\BengaliMission\images\_vti_cnf\newspic3.jpg --> www.bengalimission.org /public_html/images/_vti_cnf newspic3.jpg
106.01.04 19:01 B C:\Documents and Settings\John N. Biswas\My Documents\My Web Sites\BengaliMission\images\_vti_cnf\newspic4.jpg --> www.bengalimission.org /public_html/images/_vti_cnf newspic4.jpg
106.01.04 19:01 B C:\Documents and Settings\John N. Biswas\My Documents\My Web Sites\BengaliMission\images\_vti_cnf\newspic5.jpg --> www.bengalimission.org /public_html/images/_vti_cnf newspic5.jpg
106.01.04 19:01 B C:\Documents and Settings\John N. Biswas\My Documents\My Web Sites\BengaliMission\images\_vti_cnf\newspic5small.jpg --> www.bengalimission.org /public_html/images/_vti_cnf newspic5small.jpg
106.01.04 19:01 B C:\Documents and Settings\John N. Biswas\My Documents\My Web Sites\BengaliMission\images\_vti_cnf\newspic5x.jpg --> www.bengalimission.org /public_html/images/_vti_cnf newspic5x.jpg
106.01.04 19:01 B C:\Documents and Settings\John N. Biswas\My Documents\My Web Sites\BengaliMission\images\_vti_cnf\newspic6.jpg --> www.bengalimission.org /public_html/images/_vti_cnf newspic6.jpg
106.01.04 19:01 B C:\Documents and Settings\John N. Biswas\My Documents\My Web Sites\BengaliMission\images\_vti_cnf\newspic7.jpg --> www.bengalimission.org /public_html/images/_vti_cnf newspic7.jpg
106.01.04 19:01 B C:\Documents and Settings\John N. Biswas\My Documents\My Web Sites\BengaliMission\images\_vti_cnf\newspic8.jpg --> www.bengalimission.org /public_html/images/_vti_cnf newspic8.jpg
106.01.04 19:01 B C:\Documents and Settings\John N. Biswas\My Documents\My Web Sites\BengaliMission\images\_vti_cnf\newspic9.jpg --> www.bengalimission.org /public_html/images/_vti_cnf newspic9.jpg
106.01.04 19:01 B C:\Documents and Settings\John N. Biswas\My Documents\My Web Sites\BengaliMission\images\_vti_cnf\newspic9small.jpg --> www.bengalimission.org /public_html/images/_vti_cnf newspic9small.jpg
106.01.04 19:01 B C:\Documents and Settings\John N. Biswas\My Documents\My Web Sites\BengaliMission\images\_vti_cnf\ngo2.JPG --> www.bengalimission.org /public_html/images/_vti_cnf ngo2.JPG
106.01.04 19:01 B C:\Documents and Settings\John N. Biswas\My Documents\My Web Sites\BengaliMission\images\_vti_cnf\nirharbiswas.jpg --> www.bengalimission.org /public_html/images/_vti_cnf nirharbiswas.jpg
106.01.04 19:01 B C:\Documents and Settings\John N. Biswas\My Documents\My Web Sites\BengaliMission\images\_vti_cnf\november_2002_page1.jpg --> www.bengalimission.org /public_html/images/_vti_cnf november_2002_page1.jpg
106.01.04 19:01 B C:\Documents and Settings\John N. Biswas\My Documents\My Web Sites\BengaliMission\images\_vti_cnf\november_2002_page1_small.jpg --> www.bengalimission.org /public_html/images/_vti_cnf november_2002_page1_small.jpg
106.01.04 19:01 B C:\Documents and Settings\John N. Biswas\My Documents\My Web Sites\BengaliMission\images\_vti_cnf\november_2002_page2.jpg --> www.bengalimission.org /public_html/images/_vti_cnf november_2002_page2.jpg
106.01.04 19:01 B C:\Documents and Settings\John N. Biswas\My Documents\My Web Sites\BengaliMission\images\_vti_cnf\november_2002_page3.jpg --> www.bengalimission.org /public_html/images/_vti_cnf november_2002_page3.jpg
106.01.04 19:01 B C:\Documents and Settings\John N. Biswas\My Documents\My Web Sites\BengaliMission\images\_vti_cnf\november_2002_page4.jpg --> www.bengalimission.org /public_html/images/_vti_cnf november_2002_page4.jpg
106.01.04 19:01 B C:\Documents and Settings\John N. Biswas\My Documents\My Web Sites\BengaliMission\images\_vti_cnf\nurse.jpg --> www.bengalimission.org /public_html/images/_vti_cnf nurse.jpg
106.01.04 19:02 B C:\Documents and Settings\John N. Biswas\My Documents\My Web Sites\BengaliMission\images\_vti_cnf\nurses_aides.jpg --> www.bengalimission.org /public_html/images/_vti_cnf nurses_aides.jpg
106.01.04 19:02 B C:\Documents and Settings\John N. Biswas\My Documents\My Web Sites\BengaliMission\images\_vti_cnf\nurses_aides1.jpg --> www.bengalimission.org /public_html/images/_vti_cnf nurses_aides1.jpg
106.01.04 19:02 B C:\Documents and Settings\John N. Biswas\My Documents\My Web Sites\BengaliMission\images\_vti_cnf\october2001_small.jpg --> www.bengalimission.org /public_html/images/_vti_cnf october2001_small.jpg
106.01.04 19:02 B C:\Documents and Settings\John N. Biswas\My Documents\My Web Sites\BengaliMission\images\_vti_cnf\pamplet.jpg --> www.bengalimission.org /public_html/images/_vti_cnf pamplet.jpg
106.01.04 19:02 B C:\Documents and Settings\John N. Biswas\My Documents\My Web Sites\BengaliMission\images\_vti_cnf\people.jpg --> www.bengalimission.org /public_html/images/_vti_cnf people.jpg
106.01.04 19:02 B C:\Documents and Settings\John N. Biswas\My Documents\My Web Sites\BengaliMission\images\_vti_cnf\people_in_church_2.jpg --> www.bengalimission.org /public_html/images/_vti_cnf people_in_church_2.jpg
106.01.04 19:02 B C:\Documents and Settings\John N. Biswas\My Documents\My Web Sites\BengaliMission\images\_vti_cnf\peopleinhut.jpg --> www.bengalimission.org /public_html/images/_vti_cnf peopleinhut.jpg
106.01.04 19:02 B C:\Documents and Settings\John N. Biswas\My Documents\My Web Sites\BengaliMission\images\_vti_cnf\Peter-Children1.JPG --> www.bengalimission.org /public_html/images/_vti_cnf Peter-Children1.JPG
106.01.04 19:02 B C:\Documents and Settings\John N. Biswas\My Documents\My Web Sites\BengaliMission\images\_vti_cnf\pic1gif.gif --> www.bengalimission.org /public_html/images/_vti_cnf pic1gif.gif
106.01.04 19:02 B C:\Documents and Settings\John N. Biswas\My Documents\My Web Sites\BengaliMission\images\_vti_cnf\pic1gif.psd --> www.bengalimission.org /public_html/images/_vti_cnf pic1gif.psd
106.01.04 19:02 B C:\Documents and Settings\John N. Biswas\My Documents\My Web Sites\BengaliMission\images\_vti_cnf\pic2gif.gif --> www.bengalimission.org /public_html/images/_vti_cnf pic2gif.gif
106.01.04 19:02 B C:\Documents and Settings\John N. Biswas\My Documents\My Web Sites\BengaliMission\images\_vti_cnf\pic2gif.psd --> www.bengalimission.org /public_html/images/_vti_cnf pic2gif.psd
106.01.04 19:02 B C:\Documents and Settings\John N. Biswas\My Documents\My Web Sites\BengaliMission\images\_vti_cnf\pic3gif.gif --> www.bengalimission.org /public_html/images/_vti_cnf pic3gif.gif
106.01.04 19:02 B C:\Documents and Settings\John N. Biswas\My Documents\My Web Sites\BengaliMission\images\_vti_cnf\pic3gif.psd --> www.bengalimission.org /public_html/images/_vti_cnf pic3gif.psd
106.01.04 19:02 B C:\Documents and Settings\John N. Biswas\My Documents\My Web Sites\BengaliMission\images\_vti_cnf\prayer.jpg --> www.bengalimission.org /public_html/images/_vti_cnf prayer.jpg
106.01.04 19:02 B C:\Documents and Settings\John N. Biswas\My Documents\My Web Sites\BengaliMission\images\_vti_cnf\school.jpg --> www.bengalimission.org /public_html/images/_vti_cnf school.jpg
106.01.04 19:02 B C:\Documents and Settings\John N. Biswas\My Documents\My Web Sites\BengaliMission\images\_vti_cnf\servercompass.jpg --> www.bengalimission.org /public_html/images/_vti_cnf servercompass.jpg
106.01.04 19:02 B C:\Documents and Settings\John N. Biswas\My Documents\My Web Sites\BengaliMission\images\_vti_cnf\servercompassx.jpg --> www.bengalimission.org /public_html/images/_vti_cnf servercompassx.jpg
106.01.04 19:02 B C:\Documents and Settings\John N. Biswas\My Documents\My Web Sites\BengaliMission\images\_vti_cnf\Slide_Dec_8.JPG --> www.bengalimission.org /public_html/images/_vti_cnf Slide_Dec_8.JPG
106.01.04 19:02 B C:\Documents and Settings\John N. Biswas\My Documents\My Web Sites\BengaliMission\images\_vti_cnf\spacer.gif --> www.bengalimission.org /public_html/images/_vti_cnf spacer.gif
106.01.04 19:02 B C:\Documents and Settings\John N. Biswas\My Documents\My Web Sites\BengaliMission\images\_vti_cnf\SpringSummer_2004_page1.jpg --> www.bengalimission.org /public_html/images/_vti_cnf SpringSummer_2004_page1.jpg
106.01.04 19:02 B C:\Documents and Settings\John N. Biswas\My Documents\My Web Sites\BengaliMission\images\_vti_cnf\SpringSummer_2004_page1_sma.jpg --> www.bengalimission.org /public_html/images/_vti_cnf SpringSummer_2004_page1_sma.jpg
106.01.04 19:02 B C:\Documents and Settings\John N. Biswas\My Documents\My Web Sites\BengaliMission\images\_vti_cnf\SpringSummer_2004_page2.jpg --> www.bengalimission.org /public_html/images/_vti_cnf SpringSummer_2004_page2.jpg
106.01.04 19:02 B C:\Documents and Settings\John N. Biswas\My Documents\My Web Sites\BengaliMission\images\_vti_cnf\SpringSummer_2004_page3.jpg --> www.bengalimission.org /public_html/images/_vti_cnf SpringSummer_2004_page3.jpg
106.01.04 19:02 B C:\Documents and Settings\John N. Biswas\My Documents\My Web Sites\BengaliMission\images\_vti_cnf\SpringSummer_2004_page4.jpg --> www.bengalimission.org /public_html/images/_vti_cnf SpringSummer_2004_page4.jpg
106.01.04 19:02 B C:\Documents and Settings\John N. Biswas\My Documents\My Web Sites\BengaliMission\images\_vti_cnf\story.bangladesh.floods.ap --> www.bengalimission.org /public_html/images/_vti_cnf story.bangladesh.floods.ap
106.01.04 19:02 B C:\Documents and Settings\John N. Biswas\My Documents\My Web Sites\BengaliMission\images\_vti_cnf\tiger1.jpg --> www.bengalimission.org /public_html/images/_vti_cnf tiger1.jpg
106.01.04 19:02 B C:\Documents and Settings\John N. Biswas\My Documents\My Web Sites\BengaliMission\images\_vti_cnf\tiger1x.jpg --> www.bengalimission.org /public_html/images/_vti_cnf tiger1x.jpg
106.01.04 19:02 B C:\Documents and Settings\John N. Biswas\My Documents\My Web Sites\BengaliMission\images\_vti_cnf\twowomen.jpg --> www.bengalimission.org /public_html/images/_vti_cnf twowomen.jpg
106.01.04 19:02 B C:\Documents and Settings\John N. Biswas\My Documents\My Web Sites\BengaliMission\images\_vti_cnf\twowomen_2.jpg --> www.bengalimission.org /public_html/images/_vti_cnf twowomen_2.jpg
106.01.04 19:02 B C:\Documents and Settings\John N. Biswas\My Documents\My Web Sites\BengaliMission\images\_vti_cnf\villagewomen.jpg --> www.bengalimission.org /public_html/images/_vti_cnf villagewomen.jpg
106.01.04 19:02 B C:\Documents and Settings\John N. Biswas\My Documents\My Web Sites\BengaliMission\images\_vti_cnf\volunteer.jpg --> www.bengalimission.org /public_html/images/_vti_cnf volunteer.jpg
106.01.04 19:02 B C:\Documents and Settings\John N. Biswas\My Documents\My Web Sites\BengaliMission\images\_vti_cnf\water.jpg --> www.bengalimission.org /public_html/images/_vti_cnf water.jpg
106.01.04 19:02 B C:\Documents and Settings\John N. Biswas\My Documents\My Web Sites\BengaliMission\images\_vti_cnf\what1.jpg --> www.bengalimission.org /public_html/images/_vti_cnf what1.jpg
106.01.04 19:02 B C:\Documents and Settings\John N. Biswas\My Documents\My Web Sites\BengaliMission\images\_vti_cnf\what2.jpg --> www.bengalimission.org /public_html/images/_vti_cnf what2.jpg
106.01.04 19:02 B C:\Documents and Settings\John N. Biswas\My Documents\My Web Sites\BengaliMission\images\_vti_cnf\whatwedo.jpg --> www.bengalimission.org /public_html/images/_vti_cnf whatwedo.jpg
106.01.04 19:02 B C:\Documents and Settings\John N. Biswas\My Documents\My Web Sites\BengaliMission\images\_vti_cnf\women.jpg --> www.bengalimission.org /public_html/images/_vti_cnf women.jpg
106.01.04 19:02 B C:\Documents and Settings\John N. Biswas\My Documents\My Web Sites\BengaliMission\images\_vti_cnf\women4.jpg --> www.bengalimission.org /public_html/images/_vti_cnf women4.jpg
106.01.04 19:02 B C:\Documents and Settings\John N. Biswas\My Documents\My Web Sites\BengaliMission\images\_vti_cnf\women5.jpg --> www.bengalimission.org /public_html/images/_vti_cnf women5.jpg
106.01.04 19:02 B C:\Documents and Settings\John N. Biswas\My Documents\My Web Sites\BengaliMission\images\_vti_cnf\WomenWaiting.JPG --> www.bengalimission.org /public_html/images/_vti_cnf WomenWaiting.JPG
