107.02.10 12:48 B C:\Documents and Settings\John N. Biswas\My Documents\My Web Sites\BengaliMission\WEB\images\bangladeshnav_new.jpg --> www.bengalimission.org /public_html/WEB/images bangladeshnav_new.jpg
107.02.10 12:48 B C:\Documents and Settings\John N. Biswas\My Documents\My Web Sites\BengaliMission\WEB\images\bangladeshnav_newold.jpg --> www.bengalimission.org /public_html/WEB/images bangladeshnav_newold.jpg
107.02.10 12:48 B C:\Documents and Settings\John N. Biswas\My Documents\My Web Sites\BengaliMission\WEB\images\ContactUsHEADLINE.jpg --> www.bengalimission.org /public_html/WEB/images ContactUsHEADLINE.jpg
107.02.10 12:48 B C:\Documents and Settings\John N. Biswas\My Documents\My Web Sites\BengaliMission\WEB\images\DonateHEADLINE.jpg --> www.bengalimission.org /public_html/WEB/images DonateHEADLINE.jpg
107.02.10 12:48 B C:\Documents and Settings\John N. Biswas\My Documents\My Web Sites\BengaliMission\WEB\images\fine-ourmap2.jpg --> www.bengalimission.org /public_html/WEB/images fine-ourmap2.jpg
107.02.10 12:48 B C:\Documents and Settings\John N. Biswas\My Documents\My Web Sites\BengaliMission\WEB\images\Head.jpg --> www.bengalimission.org /public_html/WEB/images Head.jpg
107.02.10 12:48 B C:\Documents and Settings\John N. Biswas\My Documents\My Web Sites\BengaliMission\WEB\images\HomeHEADLINE.jpg --> www.bengalimission.org /public_html/WEB/images HomeHEADLINE.jpg
107.02.10 12:48 B C:\Documents and Settings\John N. Biswas\My Documents\My Web Sites\BengaliMission\WEB\images\Jesus Background.jpg --> www.bengalimission.org /public_html/WEB/images Jesus Background.jpg
107.02.10 12:48 B C:\Documents and Settings\John N. Biswas\My Documents\My Web Sites\BengaliMission\WEB\images\MinistryHEADLINE.jpg --> www.bengalimission.org /public_html/WEB/images MinistryHEADLINE.jpg
107.02.10 12:48 B C:\Documents and Settings\John N. Biswas\My Documents\My Web Sites\BengaliMission\WEB\images\PublicationHEADLINE.jpg --> www.bengalimission.org /public_html/WEB/images PublicationHEADLINE.jpg
107.02.10 12:49 B C:\Documents and Settings\John N. Biswas\My Documents\My Web Sites\BengaliMission\WEB\images\WhatWeDoHEADLINE.jpg --> www.bengalimission.org /public_html/WEB/images WhatWeDoHEADLINE.jpg
107.02.10 12:51 B C:\Documents and Settings\John N. Biswas\My Documents\My Web Sites\BengaliMission\WEB\images\bangladeshnav_new.jpg --> www.bengalimission.org /public_html/WEB/images bangladeshnav_new.jpg
107.02.18 18:16 B C:\Documents and Settings\John N. Biswas\My Documents\My Web Sites\BengaliMission\WEB\images\contactback.jpg --> www.bengalimission.org /public_html/WEB/images contactback.jpg
107.02.18 18:16 B C:\Documents and Settings\John N. Biswas\My Documents\My Web Sites\BengaliMission\WEB\images\donate.jpg --> www.bengalimission.org /public_html/WEB/images donate.jpg
107.02.18 18:21 B C:\Documents and Settings\John N. Biswas\My Documents\My Web Sites\BengaliMission\WEB\images\donate.jpg --> www.bengalimission.org /public_html/WEB/images donate.jpg
107.02.19 16:29 B C:\Documents and Settings\John N. Biswas\My Documents\My Web Sites\BengaliMission\WEB\images\donate.jpg --> www.bengalimission.org /public_html/WEB/images donate.jpg
107.07.22 14:08 B C:\Documents and Settings\John N. Biswas\My Documents\My Web Sites\BengaliMission\WEB\images\bea.gif --> www.bengalimission.org /public_html/WEB/images bea.gif
107.08.12 19:00 B C:\Documents and Settings\John N. Biswas\My Documents\My Web Sites\BengaliMission\WEB\images\flood cupon_img_0.jpg --> www.bengalimission.org /public_html/WEB/images flood cupon_img_0.jpg
107.08.12 19:00 B C:\Documents and Settings\John N. Biswas\My Documents\My Web Sites\BengaliMission\WEB\images\flood cupon_img_1.jpg --> www.bengalimission.org /public_html/WEB/images flood cupon_img_1.jpg
107.08.12 19:00 B C:\Documents and Settings\John N. Biswas\My Documents\My Web Sites\BengaliMission\WEB\images\flood cupon_img_2.jpg --> www.bengalimission.org /public_html/WEB/images flood cupon_img_2.jpg
107.08.12 19:00 B C:\Documents and Settings\John N. Biswas\My Documents\My Web Sites\BengaliMission\WEB\images\flood cupon_img_3.jpg --> www.bengalimission.org /public_html/WEB/images flood cupon_img_3.jpg
107.08.12 19:00 B C:\Documents and Settings\John N. Biswas\My Documents\My Web Sites\BengaliMission\WEB\images\rasulbag222.jpg --> www.bengalimission.org /public_html/WEB/images rasulbag222.jpg
107.08.13 10:08 B C:\Documents and Settings\John N. Biswas\My Documents\My Web Sites\BengaliMission\WEB\images\picture_27005.jpg --> www.bengalimission.org /public_html/WEB/images picture_27005.jpg
107.12.02 13:13 B C:\Documents and Settings\John N. Biswas\My Documents\My Web Sites\BengaliMission\WEB\images\bangladeshnav_new.jpg --> www.bengalimission.org /public_html/WEB/images bangladeshnav_new.jpg
107.12.02 13:13 B C:\Documents and Settings\John N. Biswas\My Documents\My Web Sites\BengaliMission\WEB\images\bangladeshnav_newold.jpg --> www.bengalimission.org /public_html/WEB/images bangladeshnav_newold.jpg
107.12.02 13:13 B C:\Documents and Settings\John N. Biswas\My Documents\My Web Sites\BengaliMission\WEB\images\bea.gif --> www.bengalimission.org /public_html/WEB/images bea.gif
107.12.02 13:13 B C:\Documents and Settings\John N. Biswas\My Documents\My Web Sites\BengaliMission\WEB\images\benback.gif --> www.bengalimission.org /public_html/WEB/images benback.gif
107.12.02 13:13 B C:\Documents and Settings\John N. Biswas\My Documents\My Web Sites\BengaliMission\WEB\images\christback.gif --> www.bengalimission.org /public_html/WEB/images christback.gif
107.12.02 13:13 B C:\Documents and Settings\John N. Biswas\My Documents\My Web Sites\BengaliMission\WEB\images\contactback.jpg --> www.bengalimission.org /public_html/WEB/images contactback.jpg
107.12.02 13:13 B C:\Documents and Settings\John N. Biswas\My Documents\My Web Sites\BengaliMission\WEB\images\ContactUsHEADLINE.jpg --> www.bengalimission.org /public_html/WEB/images ContactUsHEADLINE.jpg
107.12.02 13:13 B C:\Documents and Settings\John N. Biswas\My Documents\My Web Sites\BengaliMission\WEB\images\donate.jpg --> www.bengalimission.org /public_html/WEB/images donate.jpg
107.12.02 13:13 B C:\Documents and Settings\John N. Biswas\My Documents\My Web Sites\BengaliMission\WEB\images\DonateHEADLINE.jpg --> www.bengalimission.org /public_html/WEB/images DonateHEADLINE.jpg
107.12.02 13:13 B C:\Documents and Settings\John N. Biswas\My Documents\My Web Sites\BengaliMission\WEB\images\fine-ourmap2.gif --> www.bengalimission.org /public_html/WEB/images fine-ourmap2.gif
107.12.02 13:13 B C:\Documents and Settings\John N. Biswas\My Documents\My Web Sites\BengaliMission\WEB\images\fine-ourmap2.jpg --> www.bengalimission.org /public_html/WEB/images fine-ourmap2.jpg
107.12.02 13:13 B C:\Documents and Settings\John N. Biswas\My Documents\My Web Sites\BengaliMission\WEB\images\flood cupon_img_0.jpg --> www.bengalimission.org /public_html/WEB/images flood cupon_img_0.jpg
107.12.02 13:13 B C:\Documents and Settings\John N. Biswas\My Documents\My Web Sites\BengaliMission\WEB\images\flood cupon_img_1.jpg --> www.bengalimission.org /public_html/WEB/images flood cupon_img_1.jpg
107.12.02 13:13 B C:\Documents and Settings\John N. Biswas\My Documents\My Web Sites\BengaliMission\WEB\images\flood cupon_img_2.jpg --> www.bengalimission.org /public_html/WEB/images flood cupon_img_2.jpg
107.12.02 13:13 B C:\Documents and Settings\John N. Biswas\My Documents\My Web Sites\BengaliMission\WEB\images\flood cupon_img_3.jpg --> www.bengalimission.org /public_html/WEB/images flood cupon_img_3.jpg
107.12.02 13:13 B C:\Documents and Settings\John N. Biswas\My Documents\My Web Sites\BengaliMission\WEB\images\Head.jpg --> www.bengalimission.org /public_html/WEB/images Head.jpg
107.12.02 13:13 B C:\Documents and Settings\John N. Biswas\My Documents\My Web Sites\BengaliMission\WEB\images\HomeHEADLINE.jpg --> www.bengalimission.org /public_html/WEB/images HomeHEADLINE.jpg
107.12.02 13:13 B C:\Documents and Settings\John N. Biswas\My Documents\My Web Sites\BengaliMission\WEB\images\Jesus Background.jpg --> www.bengalimission.org /public_html/WEB/images Jesus Background.jpg
107.12.02 13:14 B C:\Documents and Settings\John N. Biswas\My Documents\My Web Sites\BengaliMission\WEB\images\Jesus-Background.gif --> www.bengalimission.org /public_html/WEB/images Jesus-Background.gif
107.12.02 13:14 B C:\Documents and Settings\John N. Biswas\My Documents\My Web Sites\BengaliMission\WEB\images\ll.gif --> www.bengalimission.org /public_html/WEB/images ll.gif
107.12.02 13:14 B C:\Documents and Settings\John N. Biswas\My Documents\My Web Sites\BengaliMission\WEB\images\lowerbar.gif --> www.bengalimission.org /public_html/WEB/images lowerbar.gif
107.12.02 13:14 B C:\Documents and Settings\John N. Biswas\My Documents\My Web Sites\BengaliMission\WEB\images\MinistryHEADLINE.jpg --> www.bengalimission.org /public_html/WEB/images MinistryHEADLINE.jpg
107.12.02 13:14 B C:\Documents and Settings\John N. Biswas\My Documents\My Web Sites\BengaliMission\WEB\images\picture_27005.jpg --> www.bengalimission.org /public_html/WEB/images picture_27005.jpg
107.12.02 13:14 B C:\Documents and Settings\John N. Biswas\My Documents\My Web Sites\BengaliMission\WEB\images\PublicationHEADLINE.jpg --> www.bengalimission.org /public_html/WEB/images PublicationHEADLINE.jpg
107.12.02 13:14 B C:\Documents and Settings\John N. Biswas\My Documents\My Web Sites\BengaliMission\WEB\images\rasulbag222.jpg --> www.bengalimission.org /public_html/WEB/images rasulbag222.jpg
107.12.02 13:14 B C:\Documents and Settings\John N. Biswas\My Documents\My Web Sites\BengaliMission\WEB\images\Thumbs.db --> www.bengalimission.org /public_html/WEB/images Thumbs.db
107.12.02 13:14 B C:\Documents and Settings\John N. Biswas\My Documents\My Web Sites\BengaliMission\WEB\images\Whatwedoback0.gif --> www.bengalimission.org /public_html/WEB/images Whatwedoback0.gif
107.12.02 13:14 B C:\Documents and Settings\John N. Biswas\My Documents\My Web Sites\BengaliMission\WEB\images\WhatWeDoHEADLINE.jpg --> www.bengalimission.org /public_html/WEB/images WhatWeDoHEADLINE.jpg
108.12.10 16:10 B C:\Documents and Settings\John N. Biswas\My Documents\My Web Sites\BengaliMission\WEB\images\fine-ourmap2.gif --> www.bengalimission.org /public_html/WEB/images fine-ourmap2.gif
108.12.10 16:10 B C:\Documents and Settings\John N. Biswas\My Documents\My Web Sites\BengaliMission\WEB\images\Whatwedoback0.jpg --> www.bengalimission.org /public_html/WEB/images Whatwedoback0.jpg
108.12.10 16:10 B C:\Documents and Settings\John N. Biswas\My Documents\My Web Sites\BengaliMission\WEB\images\selfhelp.jpg --> www.bengalimission.org /public_html/WEB/images selfhelp.jpg
108.12.10 16:10 B C:\Documents and Settings\John N. Biswas\My Documents\My Web Sites\BengaliMission\WEB\images\workers2.jpg --> www.bengalimission.org /public_html/WEB/images workers2.jpg
108.12.10 16:10 B C:\Documents and Settings\John N. Biswas\My Documents\My Web Sites\BengaliMission\WEB\images\lowerbar.jpg --> www.bengalimission.org /public_html/WEB/images lowerbar.jpg
108.12.10 16:10 B C:\Documents and Settings\John N. Biswas\My Documents\My Web Sites\BengaliMission\WEB\images\christback.jpg --> www.bengalimission.org /public_html/WEB/images christback.jpg
108.12.10 16:11 B C:\Documents and Settings\John N. Biswas\My Documents\My Web Sites\BengaliMission\WEB\images\benback.jpg --> www.bengalimission.org /public_html/WEB/images benback.jpg
108.12.10 16:11 B C:\Documents and Settings\John N. Biswas\My Documents\My Web Sites\BengaliMission\WEB\images\Jesus-Background.jpg --> www.bengalimission.org /public_html/WEB/images Jesus-Background.jpg
