104.04.20 13:46 B F:\Documents and Settings\Thomas H. Keyworth\My Documents\My Webs\BengaliMission\public_html\images\images\bangladeshnav1_01-over.gif <-- ~Bengali Mission /public_html/images/images bangladeshnav1_01-over.gif
104.04.20 13:46 B F:\Documents and Settings\Thomas H. Keyworth\My Documents\My Webs\BengaliMission\public_html\images\images\bangladeshnav1_01.gif <-- ~Bengali Mission /public_html/images/images bangladeshnav1_01.gif
104.04.20 13:46 B F:\Documents and Settings\Thomas H. Keyworth\My Documents\My Webs\BengaliMission\public_html\images\images\bangladeshnav1_02-over.gif <-- ~Bengali Mission /public_html/images/images bangladeshnav1_02-over.gif
104.04.20 13:46 B F:\Documents and Settings\Thomas H. Keyworth\My Documents\My Webs\BengaliMission\public_html\images\images\bangladeshnav1_02.gif <-- ~Bengali Mission /public_html/images/images bangladeshnav1_02.gif
104.04.20 13:46 B F:\Documents and Settings\Thomas H. Keyworth\My Documents\My Webs\BengaliMission\public_html\images\images\bangladeshnav1_03-over.gif <-- ~Bengali Mission /public_html/images/images bangladeshnav1_03-over.gif
104.04.20 13:46 B F:\Documents and Settings\Thomas H. Keyworth\My Documents\My Webs\BengaliMission\public_html\images\images\bangladeshnav1_03.gif <-- ~Bengali Mission /public_html/images/images bangladeshnav1_03.gif
104.04.20 13:46 B F:\Documents and Settings\Thomas H. Keyworth\My Documents\My Webs\BengaliMission\public_html\images\images\bangladeshnav1_04-over.gif <-- ~Bengali Mission /public_html/images/images bangladeshnav1_04-over.gif
104.04.20 13:46 B F:\Documents and Settings\Thomas H. Keyworth\My Documents\My Webs\BengaliMission\public_html\images\images\bangladeshnav1_04.gif <-- ~Bengali Mission /public_html/images/images bangladeshnav1_04.gif
104.04.20 13:46 B F:\Documents and Settings\Thomas H. Keyworth\My Documents\My Webs\BengaliMission\public_html\images\images\bangladeshnav1_05-over.gif <-- ~Bengali Mission /public_html/images/images bangladeshnav1_05-over.gif
104.04.20 13:46 B F:\Documents and Settings\Thomas H. Keyworth\My Documents\My Webs\BengaliMission\public_html\images\images\bangladeshnav1_05.gif <-- ~Bengali Mission /public_html/images/images bangladeshnav1_05.gif
104.04.20 13:46 B F:\Documents and Settings\Thomas H. Keyworth\My Documents\My Webs\BengaliMission\public_html\images\images\bangladeshnav_01-over.gif <-- ~Bengali Mission /public_html/images/images bangladeshnav_01-over.gif
104.04.20 13:46 B F:\Documents and Settings\Thomas H. Keyworth\My Documents\My Webs\BengaliMission\public_html\images\images\bangladeshnav_01.gif <-- ~Bengali Mission /public_html/images/images bangladeshnav_01.gif
104.04.20 13:46 B F:\Documents and Settings\Thomas H. Keyworth\My Documents\My Webs\BengaliMission\public_html\images\images\bangladeshnav_02-over.gif <-- ~Bengali Mission /public_html/images/images bangladeshnav_02-over.gif
104.04.20 13:46 B F:\Documents and Settings\Thomas H. Keyworth\My Documents\My Webs\BengaliMission\public_html\images\images\bangladeshnav_02.gif <-- ~Bengali Mission /public_html/images/images bangladeshnav_02.gif
104.04.20 13:46 B F:\Documents and Settings\Thomas H. Keyworth\My Documents\My Webs\BengaliMission\public_html\images\images\bangladeshnav_03-over.gif <-- ~Bengali Mission /public_html/images/images bangladeshnav_03-over.gif
104.04.20 13:46 B F:\Documents and Settings\Thomas H. Keyworth\My Documents\My Webs\BengaliMission\public_html\images\images\bangladeshnav_03.gif <-- ~Bengali Mission /public_html/images/images bangladeshnav_03.gif
104.04.20 13:46 B F:\Documents and Settings\Thomas H. Keyworth\My Documents\My Webs\BengaliMission\public_html\images\images\bangladeshnav_04-over.gif <-- ~Bengali Mission /public_html/images/images bangladeshnav_04-over.gif
104.04.20 13:46 B F:\Documents and Settings\Thomas H. Keyworth\My Documents\My Webs\BengaliMission\public_html\images\images\bangladeshnav_04.gif <-- ~Bengali Mission /public_html/images/images bangladeshnav_04.gif
104.04.20 13:46 B F:\Documents and Settings\Thomas H. Keyworth\My Documents\My Webs\BengaliMission\public_html\images\images\bangladeshnav_05-over.gif <-- ~Bengali Mission /public_html/images/images bangladeshnav_05-over.gif
104.04.20 13:46 B F:\Documents and Settings\Thomas H. Keyworth\My Documents\My Webs\BengaliMission\public_html\images\images\bangladeshnav_05.gif <-- ~Bengali Mission /public_html/images/images bangladeshnav_05.gif
104.04.20 13:46 B F:\Documents and Settings\Thomas H. Keyworth\My Documents\My Webs\BengaliMission\public_html\images\images\bangladeshnav_06-over.gif <-- ~Bengali Mission /public_html/images/images bangladeshnav_06-over.gif
104.04.20 13:46 B F:\Documents and Settings\Thomas H. Keyworth\My Documents\My Webs\BengaliMission\public_html\images\images\bangladeshnav_06.gif <-- ~Bengali Mission /public_html/images/images bangladeshnav_06.gif
104.04.20 13:46 B F:\Documents and Settings\Thomas H. Keyworth\My Documents\My Webs\BengaliMission\public_html\images\images\donate_01-over.gif <-- ~Bengali Mission /public_html/images/images donate_01-over.gif
104.04.20 13:46 B F:\Documents and Settings\Thomas H. Keyworth\My Documents\My Webs\BengaliMission\public_html\images\images\donate_01.gif <-- ~Bengali Mission /public_html/images/images donate_01.gif
105.12.30 16:56 B C:\Documents and Settings\John N. Biswas\My Documents\My Web Sites\BengaliMission\images\images\bangladeshnav1_01-over.gif <-- ~Bengali Mission /public_html/images/images bangladeshnav1_01-over.gif
105.12.30 16:56 B C:\Documents and Settings\John N. Biswas\My Documents\My Web Sites\BengaliMission\images\images\bangladeshnav1_01.gif <-- ~Bengali Mission /public_html/images/images bangladeshnav1_01.gif
105.12.30 16:56 B C:\Documents and Settings\John N. Biswas\My Documents\My Web Sites\BengaliMission\images\images\bangladeshnav1_02-over.gif <-- ~Bengali Mission /public_html/images/images bangladeshnav1_02-over.gif
105.12.30 16:56 B C:\Documents and Settings\John N. Biswas\My Documents\My Web Sites\BengaliMission\images\images\bangladeshnav1_02.gif <-- ~Bengali Mission /public_html/images/images bangladeshnav1_02.gif
105.12.30 16:56 B C:\Documents and Settings\John N. Biswas\My Documents\My Web Sites\BengaliMission\images\images\bangladeshnav1_03-over.gif <-- ~Bengali Mission /public_html/images/images bangladeshnav1_03-over.gif
105.12.30 16:56 B C:\Documents and Settings\John N. Biswas\My Documents\My Web Sites\BengaliMission\images\images\bangladeshnav1_03.gif <-- ~Bengali Mission /public_html/images/images bangladeshnav1_03.gif
105.12.30 16:56 B C:\Documents and Settings\John N. Biswas\My Documents\My Web Sites\BengaliMission\images\images\bangladeshnav1_04-over.gif <-- ~Bengali Mission /public_html/images/images bangladeshnav1_04-over.gif
105.12.30 16:56 B C:\Documents and Settings\John N. Biswas\My Documents\My Web Sites\BengaliMission\images\images\bangladeshnav1_04.gif <-- ~Bengali Mission /public_html/images/images bangladeshnav1_04.gif
105.12.30 16:56 B C:\Documents and Settings\John N. Biswas\My Documents\My Web Sites\BengaliMission\images\images\bangladeshnav1_05-over.gif <-- ~Bengali Mission /public_html/images/images bangladeshnav1_05-over.gif
105.12.30 16:56 B C:\Documents and Settings\John N. Biswas\My Documents\My Web Sites\BengaliMission\images\images\bangladeshnav1_05.gif <-- ~Bengali Mission /public_html/images/images bangladeshnav1_05.gif
105.12.30 16:56 B C:\Documents and Settings\John N. Biswas\My Documents\My Web Sites\BengaliMission\images\images\bangladeshnav_01-over.gif <-- ~Bengali Mission /public_html/images/images bangladeshnav_01-over.gif
105.12.30 16:56 B C:\Documents and Settings\John N. Biswas\My Documents\My Web Sites\BengaliMission\images\images\bangladeshnav_01.gif <-- ~Bengali Mission /public_html/images/images bangladeshnav_01.gif
105.12.30 16:56 B C:\Documents and Settings\John N. Biswas\My Documents\My Web Sites\BengaliMission\images\images\bangladeshnav_02-over.gif <-- ~Bengali Mission /public_html/images/images bangladeshnav_02-over.gif
105.12.30 16:56 B C:\Documents and Settings\John N. Biswas\My Documents\My Web Sites\BengaliMission\images\images\bangladeshnav_02.gif <-- ~Bengali Mission /public_html/images/images bangladeshnav_02.gif
105.12.30 16:56 B C:\Documents and Settings\John N. Biswas\My Documents\My Web Sites\BengaliMission\images\images\bangladeshnav_03-over.gif <-- ~Bengali Mission /public_html/images/images bangladeshnav_03-over.gif
105.12.30 16:56 B C:\Documents and Settings\John N. Biswas\My Documents\My Web Sites\BengaliMission\images\images\bangladeshnav_03.gif <-- ~Bengali Mission /public_html/images/images bangladeshnav_03.gif
105.12.30 16:56 B C:\Documents and Settings\John N. Biswas\My Documents\My Web Sites\BengaliMission\images\images\bangladeshnav_04-over.gif <-- ~Bengali Mission /public_html/images/images bangladeshnav_04-over.gif
105.12.30 16:56 B C:\Documents and Settings\John N. Biswas\My Documents\My Web Sites\BengaliMission\images\images\bangladeshnav_04.gif <-- ~Bengali Mission /public_html/images/images bangladeshnav_04.gif
105.12.30 16:56 B C:\Documents and Settings\John N. Biswas\My Documents\My Web Sites\BengaliMission\images\images\bangladeshnav_05-over.gif <-- ~Bengali Mission /public_html/images/images bangladeshnav_05-over.gif
105.12.30 16:56 B C:\Documents and Settings\John N. Biswas\My Documents\My Web Sites\BengaliMission\images\images\bangladeshnav_05.gif <-- ~Bengali Mission /public_html/images/images bangladeshnav_05.gif
105.12.30 16:56 B C:\Documents and Settings\John N. Biswas\My Documents\My Web Sites\BengaliMission\images\images\bangladeshnav_06-over.gif <-- ~Bengali Mission /public_html/images/images bangladeshnav_06-over.gif
105.12.30 16:56 B C:\Documents and Settings\John N. Biswas\My Documents\My Web Sites\BengaliMission\images\images\bangladeshnav_06.gif <-- ~Bengali Mission /public_html/images/images bangladeshnav_06.gif
105.12.30 16:56 B C:\Documents and Settings\John N. Biswas\My Documents\My Web Sites\BengaliMission\images\images\donate_01-over.gif <-- ~Bengali Mission /public_html/images/images donate_01-over.gif
105.12.30 16:56 B C:\Documents and Settings\John N. Biswas\My Documents\My Web Sites\BengaliMission\images\images\donate_01.gif <-- ~Bengali Mission /public_html/images/images donate_01.gif
106.01.04 19:02 B C:\Documents and Settings\John N. Biswas\My Documents\My Web Sites\BengaliMission\images\images\bangladeshnav1_01-over.gif --> www.bengalimission.org /public_html/images/images bangladeshnav1_01-over.gif
106.01.04 19:02 B C:\Documents and Settings\John N. Biswas\My Documents\My Web Sites\BengaliMission\images\images\bangladeshnav1_01.gif --> www.bengalimission.org /public_html/images/images bangladeshnav1_01.gif
106.01.04 19:02 B C:\Documents and Settings\John N. Biswas\My Documents\My Web Sites\BengaliMission\images\images\bangladeshnav1_02-over.gif --> www.bengalimission.org /public_html/images/images bangladeshnav1_02-over.gif
106.01.04 19:02 B C:\Documents and Settings\John N. Biswas\My Documents\My Web Sites\BengaliMission\images\images\bangladeshnav1_02.gif --> www.bengalimission.org /public_html/images/images bangladeshnav1_02.gif
106.01.04 19:02 B C:\Documents and Settings\John N. Biswas\My Documents\My Web Sites\BengaliMission\images\images\bangladeshnav1_03-over.gif --> www.bengalimission.org /public_html/images/images bangladeshnav1_03-over.gif
106.01.04 19:02 B C:\Documents and Settings\John N. Biswas\My Documents\My Web Sites\BengaliMission\images\images\bangladeshnav1_03.gif --> www.bengalimission.org /public_html/images/images bangladeshnav1_03.gif
106.01.04 19:02 B C:\Documents and Settings\John N. Biswas\My Documents\My Web Sites\BengaliMission\images\images\bangladeshnav1_04-over.gif --> www.bengalimission.org /public_html/images/images bangladeshnav1_04-over.gif
106.01.04 19:02 B C:\Documents and Settings\John N. Biswas\My Documents\My Web Sites\BengaliMission\images\images\bangladeshnav1_04.gif --> www.bengalimission.org /public_html/images/images bangladeshnav1_04.gif
106.01.04 19:02 B C:\Documents and Settings\John N. Biswas\My Documents\My Web Sites\BengaliMission\images\images\bangladeshnav1_05-over.gif --> www.bengalimission.org /public_html/images/images bangladeshnav1_05-over.gif
106.01.04 19:02 B C:\Documents and Settings\John N. Biswas\My Documents\My Web Sites\BengaliMission\images\images\bangladeshnav1_05.gif --> www.bengalimission.org /public_html/images/images bangladeshnav1_05.gif
106.01.04 19:02 B C:\Documents and Settings\John N. Biswas\My Documents\My Web Sites\BengaliMission\images\images\bangladeshnav2_01-over.gif --> www.bengalimission.org /public_html/images/images bangladeshnav2_01-over.gif
106.01.04 19:02 B C:\Documents and Settings\John N. Biswas\My Documents\My Web Sites\BengaliMission\images\images\bangladeshnav2_01.gif --> www.bengalimission.org /public_html/images/images bangladeshnav2_01.gif
106.01.04 19:02 B C:\Documents and Settings\John N. Biswas\My Documents\My Web Sites\BengaliMission\images\images\bangladeshnav2_02-over.gif --> www.bengalimission.org /public_html/images/images bangladeshnav2_02-over.gif
106.01.04 19:02 B C:\Documents and Settings\John N. Biswas\My Documents\My Web Sites\BengaliMission\images\images\bangladeshnav2_02.gif --> www.bengalimission.org /public_html/images/images bangladeshnav2_02.gif
106.01.04 19:02 B C:\Documents and Settings\John N. Biswas\My Documents\My Web Sites\BengaliMission\images\images\bangladeshnav2_03-over.gif --> www.bengalimission.org /public_html/images/images bangladeshnav2_03-over.gif
106.01.04 19:02 B C:\Documents and Settings\John N. Biswas\My Documents\My Web Sites\BengaliMission\images\images\bangladeshnav2_03.gif --> www.bengalimission.org /public_html/images/images bangladeshnav2_03.gif
106.01.04 19:02 B C:\Documents and Settings\John N. Biswas\My Documents\My Web Sites\BengaliMission\images\images\bangladeshnav2_04-over.gif --> www.bengalimission.org /public_html/images/images bangladeshnav2_04-over.gif
106.01.04 19:02 B C:\Documents and Settings\John N. Biswas\My Documents\My Web Sites\BengaliMission\images\images\bangladeshnav2_04.gif --> www.bengalimission.org /public_html/images/images bangladeshnav2_04.gif
106.01.04 19:02 B C:\Documents and Settings\John N. Biswas\My Documents\My Web Sites\BengaliMission\images\images\bangladeshnav2_05-over.gif --> www.bengalimission.org /public_html/images/images bangladeshnav2_05-over.gif
106.01.04 19:02 B C:\Documents and Settings\John N. Biswas\My Documents\My Web Sites\BengaliMission\images\images\bangladeshnav2_05.gif --> www.bengalimission.org /public_html/images/images bangladeshnav2_05.gif
106.01.04 19:02 B C:\Documents and Settings\John N. Biswas\My Documents\My Web Sites\BengaliMission\images\images\bangladeshnav_01-over.gif --> www.bengalimission.org /public_html/images/images bangladeshnav_01-over.gif
106.01.04 19:02 B C:\Documents and Settings\John N. Biswas\My Documents\My Web Sites\BengaliMission\images\images\bangladeshnav_01.gif --> www.bengalimission.org /public_html/images/images bangladeshnav_01.gif
106.01.04 19:02 B C:\Documents and Settings\John N. Biswas\My Documents\My Web Sites\BengaliMission\images\images\bangladeshnav_02-over.gif --> www.bengalimission.org /public_html/images/images bangladeshnav_02-over.gif
106.01.04 19:02 B C:\Documents and Settings\John N. Biswas\My Documents\My Web Sites\BengaliMission\images\images\bangladeshnav_02.gif --> www.bengalimission.org /public_html/images/images bangladeshnav_02.gif
106.01.04 19:02 B C:\Documents and Settings\John N. Biswas\My Documents\My Web Sites\BengaliMission\images\images\bangladeshnav_03-over.gif --> www.bengalimission.org /public_html/images/images bangladeshnav_03-over.gif
106.01.04 19:02 B C:\Documents and Settings\John N. Biswas\My Documents\My Web Sites\BengaliMission\images\images\bangladeshnav_03.gif --> www.bengalimission.org /public_html/images/images bangladeshnav_03.gif
106.01.04 19:02 B C:\Documents and Settings\John N. Biswas\My Documents\My Web Sites\BengaliMission\images\images\bangladeshnav_04-over.gif --> www.bengalimission.org /public_html/images/images bangladeshnav_04-over.gif
106.01.04 19:02 B C:\Documents and Settings\John N. Biswas\My Documents\My Web Sites\BengaliMission\images\images\bangladeshnav_04.gif --> www.bengalimission.org /public_html/images/images bangladeshnav_04.gif
106.01.04 19:02 B C:\Documents and Settings\John N. Biswas\My Documents\My Web Sites\BengaliMission\images\images\bangladeshnav_05-over.gif --> www.bengalimission.org /public_html/images/images bangladeshnav_05-over.gif
106.01.04 19:02 B C:\Documents and Settings\John N. Biswas\My Documents\My Web Sites\BengaliMission\images\images\bangladeshnav_05.gif --> www.bengalimission.org /public_html/images/images bangladeshnav_05.gif
106.01.04 19:03 B C:\Documents and Settings\John N. Biswas\My Documents\My Web Sites\BengaliMission\images\images\bangladeshnav_06-over.gif --> www.bengalimission.org /public_html/images/images bangladeshnav_06-over.gif
106.01.04 19:03 B C:\Documents and Settings\John N. Biswas\My Documents\My Web Sites\BengaliMission\images\images\bangladeshnav_06.gif --> www.bengalimission.org /public_html/images/images bangladeshnav_06.gif
106.01.04 19:03 B C:\Documents and Settings\John N. Biswas\My Documents\My Web Sites\BengaliMission\images\images\donate_01-over.gif --> www.bengalimission.org /public_html/images/images donate_01-over.gif
106.01.04 19:03 B C:\Documents and Settings\John N. Biswas\My Documents\My Web Sites\BengaliMission\images\images\donate_01.gif --> www.bengalimission.org /public_html/images/images donate_01.gif
106.01.04 19:03 B C:\Documents and Settings\John N. Biswas\My Documents\My Web Sites\BengaliMission\images\images\Thumbs.db --> www.bengalimission.org /public_html/images/images Thumbs.db
