vti_encoding:SR|utf8-nl
vti_timelastmodified:TR|31 Dec 2005 00:56:34 -0000
vti_extenderversion:SR|6.0.2.5516
vti_cacheddtm:TX|31 Dec 2005 00:56:34 -0000
vti_filesize:IR|10328
vti_backlinkinfo:VX|
106.01.04 19:02 B C:\Documents and Settings\John N. Biswas\My Documents\My Web Sites\BengaliMission\images\images\_vti_cnf\bangladeshnav1_01-over.gif --> www.bengalimission.org /public_html/images/images/_vti_cnf bangladeshnav1_01-over.gif
106.01.04 19:02 B C:\Documents and Settings\John N. Biswas\My Documents\My Web Sites\BengaliMission\images\images\_vti_cnf\bangladeshnav1_01.gif --> www.bengalimission.org /public_html/images/images/_vti_cnf bangladeshnav1_01.gif
106.01.04 19:02 B C:\Documents and Settings\John N. Biswas\My Documents\My Web Sites\BengaliMission\images\images\_vti_cnf\bangladeshnav1_02-over.gif --> www.bengalimission.org /public_html/images/images/_vti_cnf bangladeshnav1_02-over.gif
106.01.04 19:02 B C:\Documents and Settings\John N. Biswas\My Documents\My Web Sites\BengaliMission\images\images\_vti_cnf\bangladeshnav1_02.gif --> www.bengalimission.org /public_html/images/images/_vti_cnf bangladeshnav1_02.gif
106.01.04 19:02 B C:\Documents and Settings\John N. Biswas\My Documents\My Web Sites\BengaliMission\images\images\_vti_cnf\bangladeshnav1_03-over.gif --> www.bengalimission.org /public_html/images/images/_vti_cnf bangladeshnav1_03-over.gif
106.01.04 19:02 B C:\Documents and Settings\John N. Biswas\My Documents\My Web Sites\BengaliMission\images\images\_vti_cnf\bangladeshnav1_03.gif --> www.bengalimission.org /public_html/images/images/_vti_cnf bangladeshnav1_03.gif
106.01.04 19:02 B C:\Documents and Settings\John N. Biswas\My Documents\My Web Sites\BengaliMission\images\images\_vti_cnf\bangladeshnav1_04-over.gif --> www.bengalimission.org /public_html/images/images/_vti_cnf bangladeshnav1_04-over.gif
106.01.04 19:02 B C:\Documents and Settings\John N. Biswas\My Documents\My Web Sites\BengaliMission\images\images\_vti_cnf\bangladeshnav1_04.gif --> www.bengalimission.org /public_html/images/images/_vti_cnf bangladeshnav1_04.gif
106.01.04 19:02 B C:\Documents and Settings\John N. Biswas\My Documents\My Web Sites\BengaliMission\images\images\_vti_cnf\bangladeshnav1_05-over.gif --> www.bengalimission.org /public_html/images/images/_vti_cnf bangladeshnav1_05-over.gif
106.01.04 19:02 B C:\Documents and Settings\John N. Biswas\My Documents\My Web Sites\BengaliMission\images\images\_vti_cnf\bangladeshnav1_05.gif --> www.bengalimission.org /public_html/images/images/_vti_cnf bangladeshnav1_05.gif
106.01.04 19:02 B C:\Documents and Settings\John N. Biswas\My Documents\My Web Sites\BengaliMission\images\images\_vti_cnf\bangladeshnav2_01-over.gif --> www.bengalimission.org /public_html/images/images/_vti_cnf bangladeshnav2_01-over.gif
106.01.04 19:02 B C:\Documents and Settings\John N. Biswas\My Documents\My Web Sites\BengaliMission\images\images\_vti_cnf\bangladeshnav2_01.gif --> www.bengalimission.org /public_html/images/images/_vti_cnf bangladeshnav2_01.gif
106.01.04 19:02 B C:\Documents and Settings\John N. Biswas\My Documents\My Web Sites\BengaliMission\images\images\_vti_cnf\bangladeshnav2_02-over.gif --> www.bengalimission.org /public_html/images/images/_vti_cnf bangladeshnav2_02-over.gif
106.01.04 19:02 B C:\Documents and Settings\John N. Biswas\My Documents\My Web Sites\BengaliMission\images\images\_vti_cnf\bangladeshnav2_02.gif --> www.bengalimission.org /public_html/images/images/_vti_cnf bangladeshnav2_02.gif
106.01.04 19:02 B C:\Documents and Settings\John N. Biswas\My Documents\My Web Sites\BengaliMission\images\images\_vti_cnf\bangladeshnav2_03-over.gif --> www.bengalimission.org /public_html/images/images/_vti_cnf bangladeshnav2_03-over.gif
106.01.04 19:02 B C:\Documents and Settings\John N. Biswas\My Documents\My Web Sites\BengaliMission\images\images\_vti_cnf\bangladeshnav2_03.gif --> www.bengalimission.org /public_html/images/images/_vti_cnf bangladeshnav2_03.gif
106.01.04 19:02 B C:\Documents and Settings\John N. Biswas\My Documents\My Web Sites\BengaliMission\images\images\_vti_cnf\bangladeshnav2_04-over.gif --> www.bengalimission.org /public_html/images/images/_vti_cnf bangladeshnav2_04-over.gif
106.01.04 19:02 B C:\Documents and Settings\John N. Biswas\My Documents\My Web Sites\BengaliMission\images\images\_vti_cnf\bangladeshnav2_04.gif --> www.bengalimission.org /public_html/images/images/_vti_cnf bangladeshnav2_04.gif
106.01.04 19:02 B C:\Documents and Settings\John N. Biswas\My Documents\My Web Sites\BengaliMission\images\images\_vti_cnf\bangladeshnav2_05-over.gif --> www.bengalimission.org /public_html/images/images/_vti_cnf bangladeshnav2_05-over.gif
106.01.04 19:02 B C:\Documents and Settings\John N. Biswas\My Documents\My Web Sites\BengaliMission\images\images\_vti_cnf\bangladeshnav2_05.gif --> www.bengalimission.org /public_html/images/images/_vti_cnf bangladeshnav2_05.gif
106.01.04 19:02 B C:\Documents and Settings\John N. Biswas\My Documents\My Web Sites\BengaliMission\images\images\_vti_cnf\bangladeshnav_01-over.gif --> www.bengalimission.org /public_html/images/images/_vti_cnf bangladeshnav_01-over.gif
106.01.04 19:02 B C:\Documents and Settings\John N. Biswas\My Documents\My Web Sites\BengaliMission\images\images\_vti_cnf\bangladeshnav_01.gif --> www.bengalimission.org /public_html/images/images/_vti_cnf bangladeshnav_01.gif
106.01.04 19:02 B C:\Documents and Settings\John N. Biswas\My Documents\My Web Sites\BengaliMission\images\images\_vti_cnf\bangladeshnav_02-over.gif --> www.bengalimission.org /public_html/images/images/_vti_cnf bangladeshnav_02-over.gif
106.01.04 19:02 B C:\Documents and Settings\John N. Biswas\My Documents\My Web Sites\BengaliMission\images\images\_vti_cnf\bangladeshnav_02.gif --> www.bengalimission.org /public_html/images/images/_vti_cnf bangladeshnav_02.gif
106.01.04 19:02 B C:\Documents and Settings\John N. Biswas\My Documents\My Web Sites\BengaliMission\images\images\_vti_cnf\bangladeshnav_03-over.gif --> www.bengalimission.org /public_html/images/images/_vti_cnf bangladeshnav_03-over.gif
106.01.04 19:02 B C:\Documents and Settings\John N. Biswas\My Documents\My Web Sites\BengaliMission\images\images\_vti_cnf\bangladeshnav_03.gif --> www.bengalimission.org /public_html/images/images/_vti_cnf bangladeshnav_03.gif
106.01.04 19:02 B C:\Documents and Settings\John N. Biswas\My Documents\My Web Sites\BengaliMission\images\images\_vti_cnf\bangladeshnav_04-over.gif --> www.bengalimission.org /public_html/images/images/_vti_cnf bangladeshnav_04-over.gif
106.01.04 19:02 B C:\Documents and Settings\John N. Biswas\My Documents\My Web Sites\BengaliMission\images\images\_vti_cnf\bangladeshnav_04.gif --> www.bengalimission.org /public_html/images/images/_vti_cnf bangladeshnav_04.gif
106.01.04 19:02 B C:\Documents and Settings\John N. Biswas\My Documents\My Web Sites\BengaliMission\images\images\_vti_cnf\bangladeshnav_05-over.gif --> www.bengalimission.org /public_html/images/images/_vti_cnf bangladeshnav_05-over.gif
106.01.04 19:02 B C:\Documents and Settings\John N. Biswas\My Documents\My Web Sites\BengaliMission\images\images\_vti_cnf\bangladeshnav_05.gif --> www.bengalimission.org /public_html/images/images/_vti_cnf bangladeshnav_05.gif
106.01.04 19:02 B C:\Documents and Settings\John N. Biswas\My Documents\My Web Sites\BengaliMission\images\images\_vti_cnf\bangladeshnav_06-over.gif --> www.bengalimission.org /public_html/images/images/_vti_cnf bangladeshnav_06-over.gif
106.01.04 19:02 B C:\Documents and Settings\John N. Biswas\My Documents\My Web Sites\BengaliMission\images\images\_vti_cnf\bangladeshnav_06.gif --> www.bengalimission.org /public_html/images/images/_vti_cnf bangladeshnav_06.gif
106.01.04 19:02 B C:\Documents and Settings\John N. Biswas\My Documents\My Web Sites\BengaliMission\images\images\_vti_cnf\donate_01-over.gif --> www.bengalimission.org /public_html/images/images/_vti_cnf donate_01-over.gif
106.01.04 19:02 B C:\Documents and Settings\John N. Biswas\My Documents\My Web Sites\BengaliMission\images\images\_vti_cnf\donate_01.gif --> www.bengalimission.org /public_html/images/images/_vti_cnf donate_01.gif
